2025-08-07 15:08:54,708 - INFO - Mappings loaded Successfully.
2025-08-07 15:09:18,650 - INFO - Reduced Opening Stock for MSKU 'CSTE_0204_MB_MHA12_Brown' by 1. New stock: 16
2025-08-07 15:09:18,650 - INFO - Reduced Opening Stock for MSKU 'CSTE_0059_MB_YouAreMySunshine_Black' by 1. New stock: 7
2025-08-07 15:09:18,668 - INFO - Reduced Opening Stock for MSKU 'CSTE_0059_MB_YouAreMySunshine_Black' by 1. New stock: 6
2025-08-07 15:09:18,668 - INFO - Reduced Opening Stock for MSKU 'CSTE_0017_MB_HP_Brown' by 1. New stock: 3
2025-08-07 15:09:18,668 - INFO - Reduced Opening Stock for MSKU 'CSTE_0021_MB_Beatles_Black' by 1. New stock: 3
2025-08-07 15:09:18,679 - WARNING - Opening Stock for MSKU 'CSTE_0044_MB_LaVienRose_Black' going below zero. Setting to 0.
2025-08-07 15:09:18,681 - INFO - Reduced Opening Stock for MSKU 'CSTE_0044_MB_LaVienRose_Black' by 1. New stock: 0
2025-08-07 15:09:18,682 - INFO - Reduced Opening Stock for MSKU 'CSTE_0059_MB_YouAreMySunshine_Black' by 1. New stock: 5
2025-08-07 15:09:18,682 - INFO - Reduced Opening Stock for MSKU 'CSTE_0217_SG_ThugLife_Thin' by 1. New stock: 623
2025-08-07 15:09:18,682 - INFO - Reduced Opening Stock for MSKU 'CSTE_0240_SG_Wings_Red' by 1. New stock: 2
2025-08-07 15:09:18,695 - INFO - Reduced Opening Stock for MSKU 'CSTE_O0324_OT_Doll_White' by 1. New stock: 2
2025-08-07 15:09:18,697 - INFO - Reduced Opening Stock for MSKU 'CSTE_0217_SG_ThugLife_Thin' by 1. New stock: 622
2025-08-07 15:09:56,849 - INFO - Reduced Opening Stock for MSKU 'CSTE_0199_MB_MHA8_Brown' by 1. New stock: 0
2025-08-07 15:09:56,853 - INFO - Reduced Opening Stock for MSKU 'CSTE_0045_MB_LavienRose_Brown' by 1. New stock: 58
2025-08-07 15:09:56,854 - INFO - Reduced Opening Stock for MSKU 'CSTE_0148_SG_ButterFly_RedGreen' by 1. New stock: 18
2025-08-07 15:09:56,856 - INFO - Reduced Opening Stock for MSKU 'CSTE_0148_SG_ButterFly_RedGreen' by 1. New stock: 17
2025-08-07 15:09:56,856 - INFO - Reduced Opening Stock for MSKU 'CSTE_0060_MB_YouAreMySunshine_Brown' by 1. New stock: 49
2025-08-07 15:09:56,860 - INFO - Reduced Opening Stock for MSKU 'CSTE_0017_MB_HP_Brown' by 1. New stock: 2
2025-08-07 15:09:56,861 - INFO - Reduced Opening Stock for MSKU 'CSTE_0148_SG_ButterFly_RedGreen' by 1. New stock: 16
2025-08-07 15:09:56,863 - INFO - Reduced Opening Stock for MSKU 'CSTE_0015_MB_HBD_Black' by 1. New stock: 342
2025-08-07 15:09:56,865 - INFO - Reduced Opening Stock for MSKU 'CSTE_0017_MB_HP_Brown' by 1. New stock: 1
2025-08-07 15:09:56,865 - WARNING - Opening Stock for MSKU 'CSTE_0044_MB_LaVienRose_Black' going below zero. Setting to 0.
2025-08-07 15:09:57,062 - INFO - Reduced Opening Stock for MSKU 'CSTE_0044_MB_LaVienRose_Black' by 1. New stock: 0
2025-08-07 15:09:57,065 - INFO - Reduced Opening Stock for MSKU 'CSTE_0148_SG_ButterFly_RedGreen' by 1. New stock: 15
2025-08-07 15:09:57,069 - INFO - Reduced Opening Stock for MSKU 'CSTE_0240_SG_Wings_Red' by 1. New stock: 1
2025-08-07 15:09:57,071 - INFO - Reduced Opening Stock for MSKU 'CSTE_0017_MB_HP_Brown' by 1. New stock: 0
2025-08-07 15:09:57,073 - INFO - Reduced Opening Stock for MSKU 'CSTE_0148_SG_ButterFly_RedGreen' by 1. New stock: 14
2025-08-07 15:09:57,075 - INFO - Reduced Opening Stock for MSKU 'CSTE_0200_MB_MHLasaCasaDePapel_Brown' by 1. New stock: 1
2025-08-07 15:09:57,075 - WARNING - Opening Stock for MSKU 'CSTE_0199_MB_MHA8_Brown' going below zero. Setting to 0.
2025-08-07 15:09:57,120 - INFO - Reduced Opening Stock for MSKU 'CSTE_0199_MB_MHA8_Brown' by 1. New stock: 0
2025-08-07 15:09:57,123 - INFO - Reduced Opening Stock for MSKU 'CSTE_0148_SG_ButterFly_RedGreen' by 1. New stock: 13
2025-08-07 15:09:57,127 - INFO - Reduced Opening Stock for MSKU 'CSTE_0330_Wands_Harrypotter_Light' by 1. New stock: 79
2025-08-07 15:09:57,129 - WARNING - MSKU 'CSTE_0319_SG_Harry Potter_Round' not found in inventory.
2025-08-07 15:09:57,132 - WARNING - Opening Stock for MSKU 'CSTE_0017_MB_HP_Brown' going below zero. Setting to 0.
2025-08-07 15:09:57,132 - INFO - Reduced Opening Stock for MSKU 'CSTE_0017_MB_HP_Brown' by 1. New stock: 0
2025-08-07 15:09:57,134 - WARNING - Opening Stock for MSKU 'CSTE_0017_MB_HP_Brown' going below zero. Setting to 0.
2025-08-07 15:09:57,135 - INFO - Reduced Opening Stock for MSKU 'CSTE_0017_MB_HP_Brown' by 1. New stock: 0
2025-08-07 15:09:57,138 - INFO - Reduced Opening Stock for MSKU 'CSTE_0045_MB_LavienRose_Brown' by 1. New stock: 57
2025-08-07 15:09:57,143 - INFO - Reduced Opening Stock for MSKU 'CSTE_0148_SG_ButterFly_RedGreen' by 1. New stock: 12
2025-08-07 15:09:57,143 - INFO - Reduced Opening Stock for MSKU 'CSTE_0059_MB_YouAreMySunshine_Black' by 1. New stock: 4
2025-08-07 15:09:57,148 - INFO - Reduced Opening Stock for MSKU 'CSTE_0045_MB_LavienRose_Brown' by 1. New stock: 56
2025-08-07 15:09:57,152 - INFO - Reduced Opening Stock for MSKU 'CSTE_0148_SG_ButterFly_RedGreen' by 1. New stock: 11
2025-08-07 15:09:57,154 - INFO - Reduced Opening Stock for MSKU 'CSTE_0148_SG_ButterFly_RedGreen' by 1. New stock: 10
2025-08-07 15:09:57,156 - WARNING - Opening Stock for MSKU 'CSTE_0017_MB_HP_Brown' going below zero. Setting to 0.
2025-08-07 15:09:57,157 - INFO - Reduced Opening Stock for MSKU 'CSTE_0017_MB_HP_Brown' by 1. New stock: 0
2025-08-07 15:09:57,157 - WARNING - Opening Stock for MSKU 'CSTE_0359_Wands_Hermoine_light_SG' going below zero. Setting to 0.
2025-08-07 15:09:57,159 - INFO - Reduced Opening Stock for MSKU 'CSTE_0359_Wands_Hermoine_light_SG' by 1. New stock: 0
2025-08-07 15:09:57,161 - INFO - Reduced Opening Stock for MSKU 'CSTE_0434_ST_Pokemon_Bulbasour_Green' by 1. New stock: 19
2025-08-07 15:09:57,161 - WARNING - Opening Stock for MSKU 'CSTE_0017_MB_HP_Brown' going below zero. Setting to 0.
2025-08-07 15:09:57,163 - INFO - Reduced Opening Stock for MSKU 'CSTE_0017_MB_HP_Brown' by 1. New stock: 0
2025-08-07 15:09:57,163 - WARNING - Opening Stock for MSKU 'CSTE_0199_MB_MHA8_Brown' going below zero. Setting to 0.
2025-08-07 15:09:57,163 - INFO - Reduced Opening Stock for MSKU 'CSTE_0199_MB_MHA8_Brown' by 1. New stock: 0
2025-08-07 15:09:57,168 - INFO - Reduced Opening Stock for MSKU 'CSTE_O0390_OT_Toiletry_Bottles' by 1. New stock: 34
2025-08-07 15:09:57,170 - INFO - Reduced Opening Stock for MSKU 'CSTE_0060_MB_YouAreMySunshine_Brown' by 1. New stock: 48
2025-08-07 15:09:57,174 - INFO - Reduced Opening Stock for MSKU 'CSTE_0157_SG_FireGlass_Green' by 1. New stock: 6
2025-08-07 15:09:57,176 - INFO - Reduced Opening Stock for MSKU 'CSTE_O0390_OT_Toiletry_Bottles' by 1. New stock: 33
2025-08-07 15:09:57,176 - WARNING - Opening Stock for MSKU 'CSTE_0320_ST_StrawberryRed' going below zero. Setting to 0.
2025-08-07 15:09:57,176 - INFO - Reduced Opening Stock for MSKU 'CSTE_0320_ST_StrawberryRed' by 1. New stock: 0
2025-08-07 15:09:57,181 - INFO - Reduced Opening Stock for MSKU 'CSTE_0045_MB_LavienRose_Brown' by 1. New stock: 55
2025-08-07 15:09:57,182 - WARNING - Opening Stock for MSKU 'CSTE_0017_MB_HP_Brown' going below zero. Setting to 0.
2025-08-07 15:09:57,182 - INFO - Reduced Opening Stock for MSKU 'CSTE_0017_MB_HP_Brown' by 1. New stock: 0
2025-08-07 15:09:57,186 - INFO - Reduced Opening Stock for MSKU 'CSTE_0430_Org_Compression_Kit_Blue' by 1. New stock: 24
2025-08-07 15:09:57,188 - INFO - Reduced Opening Stock for MSKU 'CSTE_0015_MB_HBD_Black' by 1. New stock: 341
2025-08-07 15:09:57,189 - WARNING - Opening Stock for MSKU 'CSTE_0017_MB_HP_Brown' going below zero. Setting to 0.
2025-08-07 15:09:57,191 - INFO - Reduced Opening Stock for MSKU 'CSTE_0017_MB_HP_Brown' by 1. New stock: 0
2025-08-07 15:09:57,193 - INFO - Reduced Opening Stock for MSKU 'CSTE_0045_MB_LavienRose_Brown' by 1. New stock: 54
2025-08-07 15:09:57,193 - INFO - Reduced Opening Stock for MSKU 'CSTE_0436_MB_Kalimba_8Notes_Heartshape' by 1. New stock: 10
2025-08-07 15:09:57,196 - WARNING - Opening Stock for MSKU 'CSTE_0017_MB_HP_Brown' going below zero. Setting to 0.
2025-08-07 15:09:57,198 - INFO - Reduced Opening Stock for MSKU 'CSTE_0017_MB_HP_Brown' by 1. New stock: 0
2025-08-07 15:09:57,201 - INFO - Reduced Opening Stock for MSKU 'CSTE_0148_SG_ButterFly_RedGreen' by 1. New stock: 9
2025-08-07 15:09:57,203 - WARNING - Opening Stock for MSKU 'CSTE_0017_MB_HP_Brown' going below zero. Setting to 0.
2025-08-07 15:09:57,205 - INFO - Reduced Opening Stock for MSKU 'CSTE_0017_MB_HP_Brown' by 1. New stock: 0
2025-08-07 15:09:57,205 - WARNING - Opening Stock for MSKU 'CSTE_0484_ST_Animal_Kaonashi_Ghost_Black' going below zero. Setting to 0.
2025-08-07 15:09:57,207 - INFO - Reduced Opening Stock for MSKU 'CSTE_0484_ST_Animal_Kaonashi_Ghost_Black' by 1. New stock: 0
2025-08-07 15:09:57,209 - INFO - Reduced Opening Stock for MSKU 'CSTE_0397_Organizer_StorageBox_Blue' by 1. New stock: 52
2025-08-07 15:09:57,209 - INFO - Reduced Opening Stock for MSKU 'CSTE_0397_Organizer_StorageBox_Blue' by 1. New stock: 51
2025-08-07 15:09:57,215 - INFO - Reduced Opening Stock for MSKU 'CSTE_0397_Organizer_StorageBox_Blue' by 1. New stock: 50
